# JRE version: OpenJDK Runtime Environment (8.0_112-b06) (build 1.8.0_112-release-b06)
# Java VM: OpenJDK 64-Bit Server VM (25.112-b06 mixed mode windows-amd64 compressed oops)
Heap:
 PSYoungGen      total 248320K, used 213462K [0x00000000eab00000, 0x0000000100000000, 0x0000000100000000)
  eden space 180224K, 80% used [0x00000000eab00000,0x00000000f39544d8,0x00000000f5b00000)
  from space 68096K, 99% used [0x00000000f5b00000,0x00000000f9d216d8,0x00000000f9d80000)
  to   space 91648K, 0% used [0x00000000fa680000,0x00000000fa680000,0x0000000100000000)
 ParOldGen       total 155648K, used 108757K [0x00000000c0000000, 0x00000000c9800000, 0x00000000eab00000)
  object space 155648K, 69% used [0x00000000c0000000,0x00000000c6a355b0,0x00000000c9800000)
 Metaspace       used 6484K, capacity 7408K, committed 7552K, reserved 1056768K
  class space    used 583K, capacity 616K, committed 640K, reserved 1048576K
GC Heap History (10 events):
Event: 16.292 GC heap before
{Heap before GC invocations=6 (full 1):
 PSYoungGen      total 138240K, used 5095K [0x00000000eab00000, 0x0000000100000000, 0x0000000100000000)
  eden space 133120K, 0% used [0x00000000eab00000,0x00000000eab00000,0x00000000f2d00000)
  from space 5120K, 99% used [0x00000000f2d00000,0x00000000f31f9df8,0x00000000f3200000)
  to   space 49152K, 0% used [0x00000000fd000000,0x00000000fd000000,0x0000000100000000)
 ParOldGen       total 98816K, used 98653K [0x00000000c0000000, 0x00000000c6080000, 0x00000000eab00000)
  object space 98816K, 99% used [0x00000000c0000000,0x00000000c6057790,0x00000000c6080000)
 Metaspace       used 6009K, capacity 7088K, committed 7296K, reserved 1056768K
  class space    used 561K, capacity 616K, committed 640K, reserved 1048576K
Event: 17.463 GC heap after
Heap after GC invocations=6 (full 1):
 PSYoungGen      total 138240K, used 0K [0x00000000eab00000, 0x0000000100000000, 0x0000000100000000)
  eden space 133120K, 0% used [0x00000000eab00000,0x00000000eab00000,0x00000000f2d00000)
  from space 5120K, 0% used [0x00000000f2d00000,0x00000000f2d00000,0x00000000f3200000)
  to   space 49152K, 0% used [0x00000000fd000000,0x00000000fd000000,0x0000000100000000)
 ParOldGen       total 155648K, used 63620K [0x00000000c0000000, 0x00000000c9800000, 0x00000000eab00000)
  object space 155648K, 40% used [0x00000000c0000000,0x00000000c3e21220,0x00000000c9800000)
 Metaspace       used 6009K, capacity 7088K, committed 7296K, reserved 1056768K
  class space    used 561K, capacity 616K, committed 640K, reserved 1048576K
}
Event: 18.204 GC heap before
{Heap before GC invocations=7 (full 1):
 PSYoungGen      total 138240K, used 133120K [0x00000000eab00000, 0x0000000100000000, 0x0000000100000000)
  eden space 133120K, 100% used [0x00000000eab00000,0x00000000f2d00000,0x00000000f2d00000)
  from space 5120K, 0% used [0x00000000f2d00000,0x00000000f2d00000,0x00000000f3200000)
  to   space 49152K, 0% used [0x00000000fd000000,0x00000000fd000000,0x0000000100000000)
 ParOldGen       total 155648K, used 63620K [0x00000000c0000000, 0x00000000c9800000, 0x00000000eab00000)
  object space 155648K, 40% used [0x00000000c0000000,0x00000000c3e21220,0x00000000c9800000)
 Metaspace       used 6046K, capacity 7088K, committed 7296K, reserved 1056768K
  class space    used 561K, capacity 616K, committed 640K, reserved 1048576K
Event: 18.301 GC heap after
Heap after GC invocations=7 (full 1):
 PSYoungGen      total 248320K, used 42316K [0x00000000eab00000, 0x00000000ff980000, 0x0000000100000000)
  eden space 205824K, 0% used [0x00000000eab00000,0x00000000eab00000,0x00000000f7400000)
  from space 42496K, 99% used [0x00000000fd000000,0x00000000ff9532e0,0x00000000ff980000)
  to   space 55296K, 0% used [0x00000000f8d80000,0x00000000f8d80000,0x00000000fc380000)
 ParOldGen       total 155648K, used 63628K [0x00000000c0000000, 0x00000000c9800000, 0x00000000eab00000)
  object space 155648K, 40% used [0x00000000c0000000,0x00000000c3e23220,0x00000000c9800000)
 Metaspace       used 6046K, capacity 7088K, committed 7296K, reserved 1056768K
  class space    used 561K, capacity 616K, committed 640K, reserved 1048576K
}
Event: 19.574 GC heap before
{Heap before GC invocations=8 (full 1):
 PSYoungGen      total 248320K, used 248140K [0x00000000eab00000, 0x00000000ff980000, 0x0000000100000000)
  eden space 205824K, 100% used [0x00000000eab00000,0x00000000f7400000,0x00000000f7400000)
  from space 42496K, 99% used [0x00000000fd000000,0x00000000ff9532e0,0x00000000ff980000)
  to   space 55296K, 0% used [0x00000000f8d80000,0x00000000f8d80000,0x00000000fc380000)
 ParOldGen       total 155648K, used 63628K [0x00000000c0000000, 0x00000000c9800000, 0x00000000eab00000)
  object space 155648K, 40% used [0x00000000c0000000,0x00000000c3e23220,0x00000000c9800000)
 Metaspace       used 6098K, capacity 7152K, committed 7296K, reserved 1056768K
  class space    used 562K, capacity 616K, committed 640K, reserved 1048576K
Event: 19.675 GC heap after
Heap after GC invocations=8 (full 1):
 PSYoungGen      total 285696K, used 53441K [0x00000000eab00000, 0x0000000100000000, 0x0000000100000000)
  eden space 231936K, 0% used [0x00000000eab00000,0x00000000eab00000,0x00000000f8d80000)
  from space 53760K, 99% used [0x00000000f8d80000,0x00000000fc1b0770,0x00000000fc200000)
  to   space 63488K, 0% used [0x00000000fc200000,0x00000000fc200000,0x0000000100000000)
 ParOldGen       total 155648K, used 63636K [0x00000000c0000000, 0x00000000c9800000, 0x00000000eab00000)
  object space 155648K, 40% used [0x00000000c0000000,0x00000000c3e25220,0x00000000c9800000)
 Metaspace       used 6098K, capacity 7152K, committed 7296K, reserved 1056768K
  class space    used 562K, capacity 616K, committed 640K, reserved 1048576K
}
Event: 20.616 GC heap before
{Heap before GC invocations=9 (full 1):
 PSYoungGen      total 285696K, used 285377K [0x00000000eab00000, 0x0000000100000000, 0x0000000100000000)
  eden space 231936K, 100% used [0x00000000eab00000,0x00000000f8d80000,0x00000000f8d80000)
  from space 53760K, 99% used [0x00000000f8d80000,0x00000000fc1b0770,0x00000000fc200000)
  to   space 63488K, 0% used [0x00000000fc200000,0x00000000fc200000,0x0000000100000000)
 ParOldGen       total 155648K, used 63636K [0x00000000c0000000, 0x00000000c9800000, 0x00000000eab00000)
  object space 155648K, 40% used [0x00000000c0000000,0x00000000c3e25220,0x00000000c9800000)
 Metaspace       used 6134K, capacity 7152K, committed 7296K, reserved 1056768K
  class space    used 563K, capacity 616K, committed 640K, reserved 1048576K
Event: 20.818 GC heap after
Heap after GC invocations=9 (full 1):
 PSYoungGen      total 243712K, used 63474K [0x00000000eab00000, 0x0000000100000000, 0x0000000100000000)
  eden space 180224K, 0% used [0x00000000eab00000,0x00000000eab00000,0x00000000f5b00000)
  from space 63488K, 99% used [0x00000000fc200000,0x00000000ffffcb78,0x0000000100000000)
  to   space 84480K, 0% used [0x00000000f5b00000,0x00000000f5b00000,0x00000000fad80000)
 ParOldGen       total 155648K, used 86809K [0x00000000c0000000, 0x00000000c9800000, 0x00000000eab00000)
  object space 155648K, 55% used [0x00000000c0000000,0x00000000c54c6520,0x00000000c9800000)
 Metaspace       used 6134K, capacity 7152K, committed 7296K, reserved 1056768K
  class space    used 563K, capacity 616K, committed 640K, reserved 1048576K
}
Event: 21.596 GC heap before
{Heap before GC invocations=10 (full 1):
 PSYoungGen      total 243712K, used 243698K [0x00000000eab00000, 0x0000000100000000, 0x0000000100000000)
  eden space 180224K, 100% used [0x00000000eab00000,0x00000000f5b00000,0x00000000f5b00000)
  from space 63488K, 99% used [0x00000000fc200000,0x00000000ffffcb78,0x0000000100000000)
  to   space 84480K, 0% used [0x00000000f5b00000,0x00000000f5b00000,0x00000000fad80000)
 ParOldGen       total 155648K, used 86809K [0x00000000c0000000, 0x00000000c9800000, 0x00000000eab00000)
  object space 155648K, 55% used [0x00000000c0000000,0x00000000c54c6520,0x00000000c9800000)
 Metaspace       used 6210K, capacity 7216K, committed 7296K, reserved 1056768K
  class space    used 566K, capacity 616K, committed 640K, reserved 1048576K
Event: 21.785 GC heap after
Heap after GC invocations=10 (full 1):
 PSYoungGen      total 248320K, used 67717K [0x00000000eab00000, 0x0000000100000000, 0x0000000100000000)
  eden space 180224K, 0% used [0x00000000eab00000,0x00000000eab00000,0x00000000f5b00000)
  from space 68096K, 99% used [0x00000000f5b00000,0x00000000f9d216d8,0x00000000f9d80000)
  to   space 91648K, 0% used [0x00000000fa680000,0x00000000fa680000,0x0000000100000000)
 ParOldGen       total 155648K, used 108757K [0x00000000c0000000, 0x00000000c9800000, 0x00000000eab00000)
  object space 155648K, 69% used [0x00000000c0000000,0x00000000c6a355b0,0x00000000c9800000)
 Metaspace       used 6210K, capacity 7216K, committed 7296K, reserved 1056768K
  class space    used 566K, capacity 616K, committed 640K, reserved 1048576K
}

